xrun(64): 23.09-s013: (c) Copyright 1995-2024 Cadence Design Systems, Inc.
TOOL:	xrun(64)	23.09-s013: Started on Mar 15, 2026 at 10:39:54 UTC
xrun
	fifo8_structural.v
	fifo8_structural_TB.v
	+access+rwc
	-gui
	-clean
xrun: *N,CLEAN: Removing existing directory ./xcelium.d.
SOFTINCLUDE $XPEDION/aa/cds.lib
|
xrun: *W,DLCVAR (/tools/rubyeda/RubySKILL/r20251120.2/cds.site.lib,13): cds.lib Invalid environment variable ''.
SOFTINCLUDE $EMXHOME/emxinterface/cds.lib
|
xrun: *W,DLCVAR (/tools/rubyeda/RubySKILL/r20251120.2/cds.site.lib,15): cds.lib Invalid environment variable ''.
SOFTINCLUDE $XPEDION/aa/cds.lib
|
xrun: *W,DLCVAR (/tools/rubyeda/RubySKILL/r20251120.2/cds.site.lib,13): cds.lib Invalid environment variable ''.
SOFTINCLUDE $EMXHOME/emxinterface/cds.lib
|
xrun: *W,DLCVAR (/tools/rubyeda/RubySKILL/r20251120.2/cds.site.lib,15): cds.lib Invalid environment variable ''.
SOFTINCLUDE $XPEDION/aa/cds.lib
|
xrun: *W,DLCVAR (/tools/rubyeda/RubySKILL/r20251120.2/cds.site.lib,13): cds.lib Invalid environment variable ''.
SOFTINCLUDE $EMXHOME/emxinterface/cds.lib
|
xrun: *W,DLCVAR (/tools/rubyeda/RubySKILL/r20251120.2/cds.site.lib,15): cds.lib Invalid environment variable ''.
SOFTINCLUDE $XPEDION/aa/cds.lib
|
xrun: *W,DLCVAR (/tools/rubyeda/RubySKILL/r20251120.2/cds.site.lib,13): cds.lib Invalid environment variable ''.
SOFTINCLUDE $EMXHOME/emxinterface/cds.lib
|
xrun: *W,DLCVAR (/tools/rubyeda/RubySKILL/r20251120.2/cds.site.lib,15): cds.lib Invalid environment variable ''.
SOFTINCLUDE $XPEDION/aa/cds.lib
|
xrun: *W,DLCVAR (/tools/rubyeda/RubySKILL/r20251120.2/cds.site.lib,13): cds.lib Invalid environment variable ''.
SOFTINCLUDE $EMXHOME/emxinterface/cds.lib
|
xrun: *W,DLCVAR (/tools/rubyeda/RubySKILL/r20251120.2/cds.site.lib,15): cds.lib Invalid environment variable ''.
SOFTINCLUDE $XPEDION/aa/cds.lib
|
xmvlog: *W,DLCVAR (/tools/rubyeda/RubySKILL/r20251120.2/cds.site.lib,13): cds.lib Invalid environment variable ''.
SOFTINCLUDE $EMXHOME/emxinterface/cds.lib
|
xmvlog: *W,DLCVAR (/tools/rubyeda/RubySKILL/r20251120.2/cds.site.lib,15): cds.lib Invalid environment variable ''.
file: fifo8_structural.v
	module worklib.counter:v
		errors: 0, warnings: 0
	module worklib.decoder_3to8:v
		errors: 0, warnings: 0
	module worklib.mux8to3_64bits:v
		errors: 0, warnings: 0
	module worklib.reg64b_en:v
		errors: 0, warnings: 0
	module worklib.fifo8_structural:v
		errors: 0, warnings: 0
file: fifo8_structural_TB.v
	module worklib.fifo8_structural_TB:v
		errors: 0, warnings: 0
	Total errors/warnings found outside modules and primitives:
		errors: 0, warnings: 2
SOFTINCLUDE $XPEDION/aa/cds.lib
|
xrun: *W,DLCVAR (/tools/rubyeda/RubySKILL/r20251120.2/cds.site.lib,13): cds.lib Invalid environment variable ''.
SOFTINCLUDE $EMXHOME/emxinterface/cds.lib
|
xrun: *W,DLCVAR (/tools/rubyeda/RubySKILL/r20251120.2/cds.site.lib,15): cds.lib Invalid environment variable ''.
SOFTINCLUDE $XPEDION/aa/cds.lib
|
xrun: *W,DLCVAR (/tools/rubyeda/RubySKILL/r20251120.2/cds.site.lib,13): cds.lib Invalid environment variable ''.
SOFTINCLUDE $EMXHOME/emxinterface/cds.lib
|
xrun: *W,DLCVAR (/tools/rubyeda/RubySKILL/r20251120.2/cds.site.lib,15): cds.lib Invalid environment variable ''.
SOFTINCLUDE $XPEDION/aa/cds.lib
|
xmelab: *W,DLCVAR (/tools/rubyeda/RubySKILL/r20251120.2/cds.site.lib,13): cds.lib Invalid environment variable ''.
SOFTINCLUDE $EMXHOME/emxinterface/cds.lib
|
xmelab: *W,DLCVAR (/tools/rubyeda/RubySKILL/r20251120.2/cds.site.lib,15): cds.lib Invalid environment variable ''.
		Caching library 'worklib' ....... Done
	Elaborating the design hierarchy:
	Top level design units:
		fifo8_structural_TB
	Building instance overlay tables: .................... Done
	Generating native compiled code:
SOFTINCLUDE $XPEDION/aa/cds.lib
|
xmvlog_cg: *W,DLCVAR (/tools/rubyeda/RubySKILL/r20251120.2/cds.site.lib,13): cds.lib Invalid environment variable ''.
SOFTINCLUDE $EMXHOME/emxinterface/cds.lib
|
xmvlog_cg: *W,DLCVAR (/tools/rubyeda/RubySKILL/r20251120.2/cds.site.lib,15): cds.lib Invalid environment variable ''.
		worklib.reg64b_en:v <0x1e364f16>
			streams:   2, words:   569
		worklib.mux8to3_64bits:v <0x4f0519a2>
			streams:   1, words:   604
		worklib.decoder_3to8:v <0x2585c0e9>
			streams:   1, words:   791
		worklib.counter:v <0x0cc3c714>
			streams:   2, words:   501
		worklib.fifo8_structural_TB:v <0x00dc5d74>
			streams:   9, words: 18078
		worklib.fifo8_structural:v <0x03a2f3c4>
			streams:   3, words:   611
	Building instance specific data structures.
	Loading native compiled code:     .................... Done
	Design hierarchy summary:
		                 Instances  Unique
		Modules:                15       6
		Registers:              20      11
		Scalar wires:            8       -
		Expanded wires:          8       1
		Vectored wires:         15       -
		Always blocks:          14       5
		Initial blocks:          1       1
		Cont. assignments:       1       4
		Pseudo assignments:      7       -
		Process Clocks:         11       2
		Simulation timescale:  1ps
	Writing initial simulation snapshot: worklib.fifo8_structural_TB:v
SOFTINCLUDE $XPEDION/aa/cds.lib
|
xmsim: *W,DLCVAR (/tools/rubyeda/RubySKILL/r20251120.2/cds.site.lib,13): cds.lib Invalid environment variable ''.
SOFTINCLUDE $EMXHOME/emxinterface/cds.lib
|
xmsim: *W,DLCVAR (/tools/rubyeda/RubySKILL/r20251120.2/cds.site.lib,15): cds.lib Invalid environment variable ''.
xmsim: *W,NOMTDGUI: Multi-Threaded Dumping is disabled for interactive debug mode.

-------------------------------------
Relinquished control to SimVision...
xcelium> 
xcelium> source /tools/cadence/XCELIUM/23.09.013/tools/xcelium/files/xmsimrc
xcelium> database -open waves -into waves.shm -default
Created default SHM database waves
xcelium> probe -create -shm fifo8_structural_TB.fifo8.clk fifo8_structural_TB.fifo8.data_in fifo8_structural_TB.fifo8.data_out fifo8_structural_TB.fifo8.decoder_out fifo8_structural_TB.fifo8.empty fifo8_structural_TB.fifo8.fifo_mem_output fifo8_structural_TB.fifo8.full fifo8_structural_TB.fifo8.neg_reset fifo8_structural_TB.fifo8.outmux fifo8_structural_TB.fifo8.re_empty_en fifo8_structural_TB.fifo8.re_en fifo8_structural_TB.fifo8.re_ptr fifo8_structural_TB.fifo8.wr_en fifo8_structural_TB.fifo8.wr_full_en fifo8_structural_TB.fifo8.wr_ptr
Created probe 1
xcelium> run
========================================
Starting Integrated FIFO Stress Test...
========================================
Checking Underflow on Empty...
[PASS] Scenario 1: Empty handled correctly, no garbage read.
Writing 9 consecutive items to FIFO8...
[PASS] Scenario 2: Full detected. 9th write ignored safely.
Testing 4 Ping-Pongs while FULL...
[PASS] Scenario 3: Sustained FULL state during R/W throughput.
Applying Reset and checking first entry recovery...
[PASS] Scenario 4: Reset successful, First entry is correct.
========================================
Integrated Verification Complete.
========================================
Simulation complete via $finish(1) at time 460 NS + 0
./fifo8_structural_TB.v:111         #50 $finish;
xcelium> ^C
xcelium> exit
TOOL:	xrun(64)	23.09-s013: Exiting on Mar 15, 2026 at 10:51:33 UTC  (total: 00:11:39)
