xrun(64): 23.09-s013: (c) Copyright 1995-2024 Cadence Design Systems, Inc.
TOOL:	xrun(64)	23.09-s013: Started on Mar 10, 2026 at 17:49:38 UTC
xrun
	encoder_4to2_TB.v
	encoder_4to2.v
	+access+rwc
	-gui
	-clean
xrun: *N,CLEAN: Removing existing directory ./xcelium.d.
SOFTINCLUDE $XPEDION/aa/cds.lib
|
xrun: *W,DLCVAR (/tools/rubyeda/RubySKILL/r20251120.2/cds.site.lib,13): cds.lib Invalid environment variable ''.
SOFTINCLUDE $EMXHOME/emxinterface/cds.lib
|
xrun: *W,DLCVAR (/tools/rubyeda/RubySKILL/r20251120.2/cds.site.lib,15): cds.lib Invalid environment variable ''.
SOFTINCLUDE $XPEDION/aa/cds.lib
|
xrun: *W,DLCVAR (/tools/rubyeda/RubySKILL/r20251120.2/cds.site.lib,13): cds.lib Invalid environment variable ''.
SOFTINCLUDE $EMXHOME/emxinterface/cds.lib
|
xrun: *W,DLCVAR (/tools/rubyeda/RubySKILL/r20251120.2/cds.site.lib,15): cds.lib Invalid environment variable ''.
SOFTINCLUDE $XPEDION/aa/cds.lib
|
xrun: *W,DLCVAR (/tools/rubyeda/RubySKILL/r20251120.2/cds.site.lib,13): cds.lib Invalid environment variable ''.
SOFTINCLUDE $EMXHOME/emxinterface/cds.lib
|
xrun: *W,DLCVAR (/tools/rubyeda/RubySKILL/r20251120.2/cds.site.lib,15): cds.lib Invalid environment variable ''.
SOFTINCLUDE $XPEDION/aa/cds.lib
|
xrun: *W,DLCVAR (/tools/rubyeda/RubySKILL/r20251120.2/cds.site.lib,13): cds.lib Invalid environment variable ''.
SOFTINCLUDE $EMXHOME/emxinterface/cds.lib
|
xrun: *W,DLCVAR (/tools/rubyeda/RubySKILL/r20251120.2/cds.site.lib,15): cds.lib Invalid environment variable ''.
SOFTINCLUDE $XPEDION/aa/cds.lib
|
xrun: *W,DLCVAR (/tools/rubyeda/RubySKILL/r20251120.2/cds.site.lib,13): cds.lib Invalid environment variable ''.
SOFTINCLUDE $EMXHOME/emxinterface/cds.lib
|
xrun: *W,DLCVAR (/tools/rubyeda/RubySKILL/r20251120.2/cds.site.lib,15): cds.lib Invalid environment variable ''.
SOFTINCLUDE $XPEDION/aa/cds.lib
|
xmvlog: *W,DLCVAR (/tools/rubyeda/RubySKILL/r20251120.2/cds.site.lib,13): cds.lib Invalid environment variable ''.
SOFTINCLUDE $EMXHOME/emxinterface/cds.lib
|
xmvlog: *W,DLCVAR (/tools/rubyeda/RubySKILL/r20251120.2/cds.site.lib,15): cds.lib Invalid environment variable ''.
file: encoder_4to2_TB.v
	module worklib.encoder_4to2_TB:v
		errors: 0, warnings: 0
file: encoder_4to2.v
	module worklib.encoder_4to2:v
		errors: 0, warnings: 0
	Total errors/warnings found outside modules and primitives:
		errors: 0, warnings: 2
SOFTINCLUDE $XPEDION/aa/cds.lib
|
xrun: *W,DLCVAR (/tools/rubyeda/RubySKILL/r20251120.2/cds.site.lib,13): cds.lib Invalid environment variable ''.
SOFTINCLUDE $EMXHOME/emxinterface/cds.lib
|
xrun: *W,DLCVAR (/tools/rubyeda/RubySKILL/r20251120.2/cds.site.lib,15): cds.lib Invalid environment variable ''.
SOFTINCLUDE $XPEDION/aa/cds.lib
|
xrun: *W,DLCVAR (/tools/rubyeda/RubySKILL/r20251120.2/cds.site.lib,13): cds.lib Invalid environment variable ''.
SOFTINCLUDE $EMXHOME/emxinterface/cds.lib
|
xrun: *W,DLCVAR (/tools/rubyeda/RubySKILL/r20251120.2/cds.site.lib,15): cds.lib Invalid environment variable ''.
SOFTINCLUDE $XPEDION/aa/cds.lib
|
xmelab: *W,DLCVAR (/tools/rubyeda/RubySKILL/r20251120.2/cds.site.lib,13): cds.lib Invalid environment variable ''.
SOFTINCLUDE $EMXHOME/emxinterface/cds.lib
|
xmelab: *W,DLCVAR (/tools/rubyeda/RubySKILL/r20251120.2/cds.site.lib,15): cds.lib Invalid environment variable ''.
		Caching library 'worklib' ....... Done
	Elaborating the design hierarchy:
	Top level design units:
		encoder_4to2_TB
	Building instance overlay tables: .................... Done
	Generating native compiled code:
SOFTINCLUDE $XPEDION/aa/cds.lib
|
xmvlog_cg: *W,DLCVAR (/tools/rubyeda/RubySKILL/r20251120.2/cds.site.lib,13): cds.lib Invalid environment variable ''.
SOFTINCLUDE $EMXHOME/emxinterface/cds.lib
|
xmvlog_cg: *W,DLCVAR (/tools/rubyeda/RubySKILL/r20251120.2/cds.site.lib,15): cds.lib Invalid environment variable ''.
		worklib.encoder_4to2:v <0x34ffafc3>
			streams:   1, words:  1058
		worklib.encoder_4to2_TB:v <0x3831e78b>
			streams:   3, words:  4237
	Building instance specific data structures.
	Loading native compiled code:     .................... Done
	Design hierarchy summary:
		                 Instances  Unique
		Modules:                 2       2
		Registers:               3       3
		Scalar wires:            1       -
		Vectored wires:          2       -
		Always blocks:           1       1
		Initial blocks:          3       3
		Pseudo assignments:      1       -
		Simulation timescale:  1ps
	Writing initial simulation snapshot: worklib.encoder_4to2_TB:v
SOFTINCLUDE $XPEDION/aa/cds.lib
|
xmsim: *W,DLCVAR (/tools/rubyeda/RubySKILL/r20251120.2/cds.site.lib,13): cds.lib Invalid environment variable ''.
SOFTINCLUDE $EMXHOME/emxinterface/cds.lib
|
xmsim: *W,DLCVAR (/tools/rubyeda/RubySKILL/r20251120.2/cds.site.lib,15): cds.lib Invalid environment variable ''.
xmsim: *W,NOMTDGUI: Multi-Threaded Dumping is disabled for interactive debug mode.

-------------------------------------
Relinquished control to SimVision...
xcelium> 
xcelium> source /tools/cadence/XCELIUM/23.09.013/tools/xcelium/files/xmsimrc
xcelium> database -open waves -into waves.shm -default
Created default SHM database waves
xcelium> probe -create -shm encoder_4to2_TB.IN encoder_4to2_TB.out encoder_4to2_TB.valid
Created probe 1
xcelium> run
xmsim: *W,SHMOFU: $shm_open - file waves.shm already in use (SHM database).
            File: ./encoder_4to2_TB.v, line = 17, pos = 16
           Scope: encoder_4to2_TB
            Time: 0 FS + 0

xmsim: *W,SHMNOSO: $shm_probe - SHM file not opened with $shm_open.
            File: ./encoder_4to2_TB.v, line = 18, pos = 17
           Scope: encoder_4to2_TB
            Time: 0 FS + 0

Time	 IN	 Out
                   0	 0000	 xx
               15000	 0001	 00
               25000	 0010	 01
               35000	 0011	 01
               45000	 0100	 10
               55000	 0101	 10
               65000	 0110	 10
               75000	 0111	 10
               85000	 1000	 11
               95000	 1001	 11
              105000	 1010	 11
              115000	 1011	 11
              125000	 1100	 11
              135000	 1101	 11
              145000	 1110	 11
              155000	 1111	 11
Simulation complete via $finish(1) at time 165 NS + 0
./encoder_4to2_TB.v:40 $finish;
xcelium> run -adjacent
xmsim: *E,RNFNSH: Cannot continue simulation due to a previous $finish.
xcelium> xmsim: *W,NCTERM: Simulation received SIGTERM signal from process 89616, user id 6794 (<unknown>).
TOOL:	xrun(64)	23.09-s013: Exiting on Mar 11, 2026 at 09:56:38 UTC  (total: 16:07:00)
