xrun(64): 23.09-s013: (c) Copyright 1995-2024 Cadence Design Systems, Inc.
TOOL:	xrun(64)	23.09-s013: Started on Mar 10, 2026 at 16:53:51 UTC
xrun
	decoder_2to4_TB.v
	decoder_2to4.v
	+access+rwc
	-gui
	-clean
xrun: *N,CLEAN: Removing existing directory ./xcelium.d.
SOFTINCLUDE $XPEDION/aa/cds.lib
|
xrun: *W,DLCVAR (/tools/rubyeda/RubySKILL/r20251120.2/cds.site.lib,13): cds.lib Invalid environment variable ''.
SOFTINCLUDE $EMXHOME/emxinterface/cds.lib
|
xrun: *W,DLCVAR (/tools/rubyeda/RubySKILL/r20251120.2/cds.site.lib,15): cds.lib Invalid environment variable ''.
SOFTINCLUDE $XPEDION/aa/cds.lib
|
xrun: *W,DLCVAR (/tools/rubyeda/RubySKILL/r20251120.2/cds.site.lib,13): cds.lib Invalid environment variable ''.
SOFTINCLUDE $EMXHOME/emxinterface/cds.lib
|
xrun: *W,DLCVAR (/tools/rubyeda/RubySKILL/r20251120.2/cds.site.lib,15): cds.lib Invalid environment variable ''.
SOFTINCLUDE $XPEDION/aa/cds.lib
|
xrun: *W,DLCVAR (/tools/rubyeda/RubySKILL/r20251120.2/cds.site.lib,13): cds.lib Invalid environment variable ''.
SOFTINCLUDE $EMXHOME/emxinterface/cds.lib
|
xrun: *W,DLCVAR (/tools/rubyeda/RubySKILL/r20251120.2/cds.site.lib,15): cds.lib Invalid environment variable ''.
SOFTINCLUDE $XPEDION/aa/cds.lib
|
xrun: *W,DLCVAR (/tools/rubyeda/RubySKILL/r20251120.2/cds.site.lib,13): cds.lib Invalid environment variable ''.
SOFTINCLUDE $EMXHOME/emxinterface/cds.lib
|
xrun: *W,DLCVAR (/tools/rubyeda/RubySKILL/r20251120.2/cds.site.lib,15): cds.lib Invalid environment variable ''.
SOFTINCLUDE $XPEDION/aa/cds.lib
|
xrun: *W,DLCVAR (/tools/rubyeda/RubySKILL/r20251120.2/cds.site.lib,13): cds.lib Invalid environment variable ''.
SOFTINCLUDE $EMXHOME/emxinterface/cds.lib
|
xrun: *W,DLCVAR (/tools/rubyeda/RubySKILL/r20251120.2/cds.site.lib,15): cds.lib Invalid environment variable ''.
SOFTINCLUDE $XPEDION/aa/cds.lib
|
xmvlog: *W,DLCVAR (/tools/rubyeda/RubySKILL/r20251120.2/cds.site.lib,13): cds.lib Invalid environment variable ''.
SOFTINCLUDE $EMXHOME/emxinterface/cds.lib
|
xmvlog: *W,DLCVAR (/tools/rubyeda/RubySKILL/r20251120.2/cds.site.lib,15): cds.lib Invalid environment variable ''.
file: decoder_2to4_TB.v
	module worklib.decoder_2to4_TB:v
		errors: 0, warnings: 0
file: decoder_2to4.v
	module worklib.decoder_2to4:v
		errors: 0, warnings: 0
	Total errors/warnings found outside modules and primitives:
		errors: 0, warnings: 2
SOFTINCLUDE $XPEDION/aa/cds.lib
|
xrun: *W,DLCVAR (/tools/rubyeda/RubySKILL/r20251120.2/cds.site.lib,13): cds.lib Invalid environment variable ''.
SOFTINCLUDE $EMXHOME/emxinterface/cds.lib
|
xrun: *W,DLCVAR (/tools/rubyeda/RubySKILL/r20251120.2/cds.site.lib,15): cds.lib Invalid environment variable ''.
SOFTINCLUDE $XPEDION/aa/cds.lib
|
xrun: *W,DLCVAR (/tools/rubyeda/RubySKILL/r20251120.2/cds.site.lib,13): cds.lib Invalid environment variable ''.
SOFTINCLUDE $EMXHOME/emxinterface/cds.lib
|
xrun: *W,DLCVAR (/tools/rubyeda/RubySKILL/r20251120.2/cds.site.lib,15): cds.lib Invalid environment variable ''.
SOFTINCLUDE $XPEDION/aa/cds.lib
|
xmelab: *W,DLCVAR (/tools/rubyeda/RubySKILL/r20251120.2/cds.site.lib,13): cds.lib Invalid environment variable ''.
SOFTINCLUDE $EMXHOME/emxinterface/cds.lib
|
xmelab: *W,DLCVAR (/tools/rubyeda/RubySKILL/r20251120.2/cds.site.lib,15): cds.lib Invalid environment variable ''.
		Caching library 'worklib' ....... Done
	Elaborating the design hierarchy:
	Top level design units:
		decoder_2to4_TB
	Building instance overlay tables: .................... Done
	Generating native compiled code:
SOFTINCLUDE $XPEDION/aa/cds.lib
|
xmvlog_cg: *W,DLCVAR (/tools/rubyeda/RubySKILL/r20251120.2/cds.site.lib,13): cds.lib Invalid environment variable ''.
SOFTINCLUDE $EMXHOME/emxinterface/cds.lib
|
xmvlog_cg: *W,DLCVAR (/tools/rubyeda/RubySKILL/r20251120.2/cds.site.lib,15): cds.lib Invalid environment variable ''.
		worklib.decoder_2to4:v <0x08d194f3>
			streams:   1, words:   502
		worklib.decoder_2to4_TB:v <0x4638325c>
			streams:   4, words:  6327
	Building instance specific data structures.
	Loading native compiled code:     .................... Done
	Design hierarchy summary:
		                 Instances  Unique
		Modules:                 2       2
		Registers:               3       3
		Scalar wires:            1       -
		Vectored wires:          2       -
		Always blocks:           1       1
		Initial blocks:          3       3
		Pseudo assignments:      2       -
		Simulation timescale:  1ps
	Writing initial simulation snapshot: worklib.decoder_2to4_TB:v
SOFTINCLUDE $XPEDION/aa/cds.lib
|
xmsim: *W,DLCVAR (/tools/rubyeda/RubySKILL/r20251120.2/cds.site.lib,13): cds.lib Invalid environment variable ''.
SOFTINCLUDE $EMXHOME/emxinterface/cds.lib
|
xmsim: *W,DLCVAR (/tools/rubyeda/RubySKILL/r20251120.2/cds.site.lib,15): cds.lib Invalid environment variable ''.
xmsim: *W,NOMTDGUI: Multi-Threaded Dumping is disabled for interactive debug mode.

-------------------------------------
Relinquished control to SimVision...
xcelium> 
xcelium> source /tools/cadence/XCELIUM/23.09.013/tools/xcelium/files/xmsimrc
xcelium> database -open waves -into waves.shm -default
Created default SHM database waves
xcelium> probe -create -shm decoder_2to4_TB.IN decoder_2to4_TB.enable decoder_2to4_TB.out
Created probe 1
xcelium> run
xmsim: *W,SHMOFU: $shm_open - file waves.shm already in use (SHM database).
            File: ./decoder_2to4_TB.v, line = 17, pos = 16
           Scope: decoder_2to4_TB
            Time: 0 FS + 0

xmsim: *W,SHMNOSO: $shm_probe - SHM file not opened with $shm_open.
            File: ./decoder_2to4_TB.v, line = 18, pos = 17
           Scope: decoder_2to4_TB
            Time: 0 FS + 0

Time	 Enable	 IN	 Out
                   0	 0	 00	 0000
               15000	 0	 01	 0000
               25000	 0	 11	 0000
               35000	 0	 10	 0000
               45000	 0	 00	 0000
               50000	 1	 00	 0001
               60000	 1	 01	 0010
               70000	 1	 11	 1000
               80000	 1	 10	 0100
Simulation complete via $finish(1) at time 90 NS + 0
./decoder_2to4_TB.v:51 $finish;
xcelium> ^C
xcelium> exit
TOOL:	xrun(64)	23.09-s013: Exiting on Mar 10, 2026 at 16:59:02 UTC  (total: 00:05:11)
