xrun(64): 23.09-s013: (c) Copyright 1995-2024 Cadence Design Systems, Inc.
TOOL:	xrun(64)	23.09-s013: Started on Mar 15, 2026 at 15:23:23 UTC
xrun
	Locker_16.v
	Locker_16_TB.v
	+access+rwc
	-gui
	-clean
xrun: *N,CLEAN: Removing existing directory ./xcelium.d.
SOFTINCLUDE $XPEDION/aa/cds.lib
|
xrun: *W,DLCVAR (/tools/rubyeda/RubySKILL/r20251120.2/cds.site.lib,13): cds.lib Invalid environment variable ''.
SOFTINCLUDE $EMXHOME/emxinterface/cds.lib
|
xrun: *W,DLCVAR (/tools/rubyeda/RubySKILL/r20251120.2/cds.site.lib,15): cds.lib Invalid environment variable ''.
SOFTINCLUDE $XPEDION/aa/cds.lib
|
xrun: *W,DLCVAR (/tools/rubyeda/RubySKILL/r20251120.2/cds.site.lib,13): cds.lib Invalid environment variable ''.
SOFTINCLUDE $EMXHOME/emxinterface/cds.lib
|
xrun: *W,DLCVAR (/tools/rubyeda/RubySKILL/r20251120.2/cds.site.lib,15): cds.lib Invalid environment variable ''.
SOFTINCLUDE $XPEDION/aa/cds.lib
|
xrun: *W,DLCVAR (/tools/rubyeda/RubySKILL/r20251120.2/cds.site.lib,13): cds.lib Invalid environment variable ''.
SOFTINCLUDE $EMXHOME/emxinterface/cds.lib
|
xrun: *W,DLCVAR (/tools/rubyeda/RubySKILL/r20251120.2/cds.site.lib,15): cds.lib Invalid environment variable ''.
SOFTINCLUDE $XPEDION/aa/cds.lib
|
xrun: *W,DLCVAR (/tools/rubyeda/RubySKILL/r20251120.2/cds.site.lib,13): cds.lib Invalid environment variable ''.
SOFTINCLUDE $EMXHOME/emxinterface/cds.lib
|
xrun: *W,DLCVAR (/tools/rubyeda/RubySKILL/r20251120.2/cds.site.lib,15): cds.lib Invalid environment variable ''.
SOFTINCLUDE $XPEDION/aa/cds.lib
|
xrun: *W,DLCVAR (/tools/rubyeda/RubySKILL/r20251120.2/cds.site.lib,13): cds.lib Invalid environment variable ''.
SOFTINCLUDE $EMXHOME/emxinterface/cds.lib
|
xrun: *W,DLCVAR (/tools/rubyeda/RubySKILL/r20251120.2/cds.site.lib,15): cds.lib Invalid environment variable ''.
SOFTINCLUDE $XPEDION/aa/cds.lib
|
xmvlog: *W,DLCVAR (/tools/rubyeda/RubySKILL/r20251120.2/cds.site.lib,13): cds.lib Invalid environment variable ''.
SOFTINCLUDE $EMXHOME/emxinterface/cds.lib
|
xmvlog: *W,DLCVAR (/tools/rubyeda/RubySKILL/r20251120.2/cds.site.lib,15): cds.lib Invalid environment variable ''.
file: Locker_16.v
	module worklib.SR_FF:v
		errors: 0, warnings: 0
	module worklib.decoder_2to4:v
		errors: 0, warnings: 0
	module worklib.encoder_4to2:v
		errors: 0, warnings: 0
	module worklib.Locker4_system:v
		errors: 0, warnings: 0
	module worklib.mux4to2:v
		errors: 0, warnings: 0
	module worklib.Locker16_system:v
		errors: 0, warnings: 0
file: Locker_16_TB.v
	module worklib.Locker16_system_TB:v
		errors: 0, warnings: 0
	Total errors/warnings found outside modules and primitives:
		errors: 0, warnings: 2
SOFTINCLUDE $XPEDION/aa/cds.lib
|
xrun: *W,DLCVAR (/tools/rubyeda/RubySKILL/r20251120.2/cds.site.lib,13): cds.lib Invalid environment variable ''.
SOFTINCLUDE $EMXHOME/emxinterface/cds.lib
|
xrun: *W,DLCVAR (/tools/rubyeda/RubySKILL/r20251120.2/cds.site.lib,15): cds.lib Invalid environment variable ''.
SOFTINCLUDE $XPEDION/aa/cds.lib
|
xrun: *W,DLCVAR (/tools/rubyeda/RubySKILL/r20251120.2/cds.site.lib,13): cds.lib Invalid environment variable ''.
SOFTINCLUDE $EMXHOME/emxinterface/cds.lib
|
xrun: *W,DLCVAR (/tools/rubyeda/RubySKILL/r20251120.2/cds.site.lib,15): cds.lib Invalid environment variable ''.
SOFTINCLUDE $XPEDION/aa/cds.lib
|
xmelab: *W,DLCVAR (/tools/rubyeda/RubySKILL/r20251120.2/cds.site.lib,13): cds.lib Invalid environment variable ''.
SOFTINCLUDE $EMXHOME/emxinterface/cds.lib
|
xmelab: *W,DLCVAR (/tools/rubyeda/RubySKILL/r20251120.2/cds.site.lib,15): cds.lib Invalid environment variable ''.
		Caching library 'worklib' ....... Done
	Elaborating the design hierarchy:
	Top level design units:
		Locker16_system_TB
	Building instance overlay tables: .................... Done
	Generating native compiled code:
SOFTINCLUDE $XPEDION/aa/cds.lib
|
xmvlog_cg: *W,DLCVAR (/tools/rubyeda/RubySKILL/r20251120.2/cds.site.lib,13): cds.lib Invalid environment variable ''.
SOFTINCLUDE $EMXHOME/emxinterface/cds.lib
|
xmvlog_cg: *W,DLCVAR (/tools/rubyeda/RubySKILL/r20251120.2/cds.site.lib,15): cds.lib Invalid environment variable ''.
		worklib.mux4to2:v <0x5158e146>
			streams:   1, words:   551
		worklib.encoder_4to2:v <0x73df6975>
			streams:   1, words:  1438
		worklib.encoder_4to2:v <0x168aef96>
			streams:   1, words:  1058
		worklib.decoder_2to4:v <0x4d1de8c7>
			streams:   1, words:   748
		worklib.decoder_2to4:v <0x7e255f72>
			streams:   1, words:   693
		worklib.Locker4_system:v <0x1d744fe0>
			streams:   2, words:   463
		worklib.Locker16_system:v <0x6b74690d>
			streams:   2, words:   484
		worklib.Locker16_system_TB:v <0x21ad2f5b>
			streams:  22, words: 65997
		worklib.SR_FF:v <0x2e332f24>
			streams:   4, words:  1060
	Building instance specific data structures.
	Loading native compiled code:     .................... Done
	Design hierarchy summary:
		                 Instances  Unique
		Modules:                38       7
		Registers:              41       9
		Scalar wires:           39       -
		Expanded wires:         48      13
		Vectored wires:          9       -
		Always blocks:          33       5
		Initial blocks:          1       1
		Cont. assignments:       5       6
		Pseudo assignments:      9       -
		Process Clocks:         16       1
		Simulation timescale:  1ps
	Writing initial simulation snapshot: worklib.Locker16_system_TB:v
SOFTINCLUDE $XPEDION/aa/cds.lib
|
xmsim: *W,DLCVAR (/tools/rubyeda/RubySKILL/r20251120.2/cds.site.lib,13): cds.lib Invalid environment variable ''.
SOFTINCLUDE $EMXHOME/emxinterface/cds.lib
|
xmsim: *W,DLCVAR (/tools/rubyeda/RubySKILL/r20251120.2/cds.site.lib,15): cds.lib Invalid environment variable ''.
xmsim: *W,NOMTDGUI: Multi-Threaded Dumping is disabled for interactive debug mode.

-------------------------------------
Relinquished control to SimVision...
xcelium> 
xcelium> source /tools/cadence/XCELIUM/23.09.013/tools/xcelium/files/xmsimrc
xcelium> database -open waves -into waves.shm -default
Created default SHM database waves
xcelium> probe -create -shm Locker16_system_TB.clk Locker16_system_TB.pop_address Locker16_system_TB.pop_ready Locker16_system_TB.pop_valid Locker16_system_TB.push_address Locker16_system_TB.push_ready Locker16_system_TB.push_valid
Created probe 1
xcelium> run
xmsim: *W,SHMOFU: $shm_open - file waves.shm already in use (SHM database).
            File: ./Locker_16_TB.v, line = 62, pos = 16
           Scope: Locker16_system_TB
            Time: 15 NS + 0

xmsim: *W,SHMNOSO: $shm_probe - SHM file not opened with $shm_open.
            File: ./Locker_16_TB.v, line = 63, pos = 17
           Scope: Locker16_system_TB
            Time: 15 NS + 0

simultanious pop/push failed , pull address is 14
Filling all 16 lockers...
simultanious pop/push failed 
Releasing locker 5...
Releasing locker 9...
Releasing locker 13...
catching locker 13  and Releasing locker 10...
pop address is 13 
catching locker 10  and Releasing locker 12...
pop address now is 10 
pop and push success,pop address is still 12
Testbench complete. Check SimVision.
Simulation complete via $finish(1) at time 640 NS + 0
./Locker_16_TB.v:182         $finish;
xcelium> 