xrun(64): 23.09-s013: (c) Copyright 1995-2024 Cadence Design Systems, Inc.
TOOL:	xrun(64)	23.09-s013: Started on Mar 13, 2026 at 11:16:56 UTC
xrun
	reg64b_en.v
	reg64b_en_TB.v
	+access+rwc
	-gui
	-clean
xrun: *N,CLEAN: Removing existing directory ./xcelium.d.
SOFTINCLUDE $XPEDION/aa/cds.lib
|
xrun: *W,DLCVAR (/tools/rubyeda/RubySKILL/r20251120.2/cds.site.lib,13): cds.lib Invalid environment variable ''.
SOFTINCLUDE $EMXHOME/emxinterface/cds.lib
|
xrun: *W,DLCVAR (/tools/rubyeda/RubySKILL/r20251120.2/cds.site.lib,15): cds.lib Invalid environment variable ''.
SOFTINCLUDE $XPEDION/aa/cds.lib
|
xrun: *W,DLCVAR (/tools/rubyeda/RubySKILL/r20251120.2/cds.site.lib,13): cds.lib Invalid environment variable ''.
SOFTINCLUDE $EMXHOME/emxinterface/cds.lib
|
xrun: *W,DLCVAR (/tools/rubyeda/RubySKILL/r20251120.2/cds.site.lib,15): cds.lib Invalid environment variable ''.
SOFTINCLUDE $XPEDION/aa/cds.lib
|
xrun: *W,DLCVAR (/tools/rubyeda/RubySKILL/r20251120.2/cds.site.lib,13): cds.lib Invalid environment variable ''.
SOFTINCLUDE $EMXHOME/emxinterface/cds.lib
|
xrun: *W,DLCVAR (/tools/rubyeda/RubySKILL/r20251120.2/cds.site.lib,15): cds.lib Invalid environment variable ''.
SOFTINCLUDE $XPEDION/aa/cds.lib
|
xrun: *W,DLCVAR (/tools/rubyeda/RubySKILL/r20251120.2/cds.site.lib,13): cds.lib Invalid environment variable ''.
SOFTINCLUDE $EMXHOME/emxinterface/cds.lib
|
xrun: *W,DLCVAR (/tools/rubyeda/RubySKILL/r20251120.2/cds.site.lib,15): cds.lib Invalid environment variable ''.
SOFTINCLUDE $XPEDION/aa/cds.lib
|
xrun: *W,DLCVAR (/tools/rubyeda/RubySKILL/r20251120.2/cds.site.lib,13): cds.lib Invalid environment variable ''.
SOFTINCLUDE $EMXHOME/emxinterface/cds.lib
|
xrun: *W,DLCVAR (/tools/rubyeda/RubySKILL/r20251120.2/cds.site.lib,15): cds.lib Invalid environment variable ''.
SOFTINCLUDE $XPEDION/aa/cds.lib
|
xmvlog: *W,DLCVAR (/tools/rubyeda/RubySKILL/r20251120.2/cds.site.lib,13): cds.lib Invalid environment variable ''.
SOFTINCLUDE $EMXHOME/emxinterface/cds.lib
|
xmvlog: *W,DLCVAR (/tools/rubyeda/RubySKILL/r20251120.2/cds.site.lib,15): cds.lib Invalid environment variable ''.
file: reg64b_en.v
	module worklib.reg64b_en:v
		errors: 0, warnings: 0
file: reg64b_en_TB.v
	module worklib.reg64b_en_TB:v
		errors: 0, warnings: 0
	Total errors/warnings found outside modules and primitives:
		errors: 0, warnings: 2
SOFTINCLUDE $XPEDION/aa/cds.lib
|
xrun: *W,DLCVAR (/tools/rubyeda/RubySKILL/r20251120.2/cds.site.lib,13): cds.lib Invalid environment variable ''.
SOFTINCLUDE $EMXHOME/emxinterface/cds.lib
|
xrun: *W,DLCVAR (/tools/rubyeda/RubySKILL/r20251120.2/cds.site.lib,15): cds.lib Invalid environment variable ''.
SOFTINCLUDE $XPEDION/aa/cds.lib
|
xrun: *W,DLCVAR (/tools/rubyeda/RubySKILL/r20251120.2/cds.site.lib,13): cds.lib Invalid environment variable ''.
SOFTINCLUDE $EMXHOME/emxinterface/cds.lib
|
xrun: *W,DLCVAR (/tools/rubyeda/RubySKILL/r20251120.2/cds.site.lib,15): cds.lib Invalid environment variable ''.
SOFTINCLUDE $XPEDION/aa/cds.lib
|
xmelab: *W,DLCVAR (/tools/rubyeda/RubySKILL/r20251120.2/cds.site.lib,13): cds.lib Invalid environment variable ''.
SOFTINCLUDE $EMXHOME/emxinterface/cds.lib
|
xmelab: *W,DLCVAR (/tools/rubyeda/RubySKILL/r20251120.2/cds.site.lib,15): cds.lib Invalid environment variable ''.
		Caching library 'worklib' ....... Done
	Elaborating the design hierarchy:
	Top level design units:
		reg64b_en_TB
	Building instance overlay tables: .................... Done
	Generating native compiled code:
SOFTINCLUDE $XPEDION/aa/cds.lib
|
xmvlog_cg: *W,DLCVAR (/tools/rubyeda/RubySKILL/r20251120.2/cds.site.lib,13): cds.lib Invalid environment variable ''.
SOFTINCLUDE $EMXHOME/emxinterface/cds.lib
|
xmvlog_cg: *W,DLCVAR (/tools/rubyeda/RubySKILL/r20251120.2/cds.site.lib,15): cds.lib Invalid environment variable ''.
		worklib.reg64b_en:v <0x6ac5b21d>
			streams:   2, words:   569
		worklib.reg64b_en_TB:v <0x1953fffc>
			streams:   6, words:  5176
	Building instance specific data structures.
	Loading native compiled code:     .................... Done
	Design hierarchy summary:
		                 Instances  Unique
		Modules:                 2       2
		Registers:               4       4
		Scalar wires:            2       -
		Vectored wires:          2       -
		Always blocks:           2       2
		Initial blocks:          3       3
		Pseudo assignments:      3       -
		Process Clocks:          1       1
		Simulation timescale:  1ps
	Writing initial simulation snapshot: worklib.reg64b_en_TB:v
SOFTINCLUDE $XPEDION/aa/cds.lib
|
xmsim: *W,DLCVAR (/tools/rubyeda/RubySKILL/r20251120.2/cds.site.lib,13): cds.lib Invalid environment variable ''.
SOFTINCLUDE $EMXHOME/emxinterface/cds.lib
|
xmsim: *W,DLCVAR (/tools/rubyeda/RubySKILL/r20251120.2/cds.site.lib,15): cds.lib Invalid environment variable ''.
xmsim: *W,NOMTDGUI: Multi-Threaded Dumping is disabled for interactive debug mode.

-------------------------------------
Relinquished control to SimVision...
xcelium> 
xcelium> source /tools/cadence/XCELIUM/23.09.013/tools/xcelium/files/xmsimrc
xcelium> database -open waves -into waves.shm -default
Created default SHM database waves
xcelium> probe -create -shm reg64b_en_TB.clk reg64b_en_TB.data_in reg64b_en_TB.data_out reg64b_en_TB.enable
Created probe 1
xcelium> run
xmsim: *W,SHMOFU: $shm_open - file waves.shm already in use (SHM database).
            File: ./reg64b_en_TB.v, line = 17, pos = 16
           Scope: reg64b_en_TB
            Time: 0 FS + 0

xmsim: *W,SHMNOSO: $shm_probe - SHM file not opened with $shm_open.
            File: ./reg64b_en_TB.v, line = 18, pos = 17
           Scope: reg64b_en_TB
            Time: 0 FS + 0

Test Finished.
Simulation complete via $finish(1) at time 70 NS + 0
./reg64b_en_TB.v:49         $finish;
xcelium> ^C
xcelium> exit
TOOL:	xrun(64)	23.09-s013: Exiting on Mar 13, 2026 at 12:00:08 UTC  (total: 00:43:12)
